{
  "RSpec": {
    "coverage": {
      "/Users/normanrs/turing/4module/projects/my_health_navigator/config/environment.rb": [
        null,
        1,
        null,
        null,
        1
      ],
      "/Users/normanrs/turing/4module/projects/my_health_navigator/config/application.rb": [
        1,
        null,
        1,
        null,
        1,
        1,
        1,
        1,
        1,
        1,
        1,
        null,
        null,
        1,
        null,
        null,
        null,
        1,
        null,
        1,
        1,
        null,
        1,
        null,
        null,
        null,
        null,
        null,
        null,
        null,
        null,
        null,
        1,
        null,
        null
      ],
      "/Users/normanrs/turing/4module/projects/my_health_navigator/config/boot.rb": [
        1,
        null,
        1,
        1
      ],
      "/Users/normanrs/turing/4module/projects/my_health_navigator/config/environments/test.rb": [
        1,
        null,
        null,
        null,
        null,
        null,
        null,
        1,
        null,
        null,
        null,
        null,
        1,
        null,
        null,
        1,
        1,
        null,
        null,
        null,
        null,
        1,
        1,
        null,
        null,
        1,
        null,
        null,
        1,
        null,
        null,
        1,
        null,
        1,
        null,
        null,
        null,
        null,
        1,
        null,
        null,
        1,
        null,
        null,
        null,
        null
      ],
      "/Users/normanrs/turing/4module/projects/my_health_navigator/config/initializers/application_controller_renderer.rb": [
        null,
        null,
        null,
        null,
        null,
        null,
        null,
        null
      ],
      "/Users/normanrs/turing/4module/projects/my_health_navigator/config/initializers/backtrace_silencers.rb": [
        null,
        null,
        null,
        null,
        null,
        null,
        null
      ],
      "/Users/normanrs/turing/4module/projects/my_health_navigator/config/initializers/cors.rb": [
        null,
        null,
        null,
        null,
        null,
        null,
        null,
        null,
        null,
        null,
        null,
        null,
        null,
        null,
        null,
        null
      ],
      "/Users/normanrs/turing/4module/projects/my_health_navigator/config/initializers/filter_parameter_logging.rb": [
        null,
        null,
        null,
        1
      ],
      "/Users/normanrs/turing/4module/projects/my_health_navigator/config/initializers/inflections.rb": [
        null,
        null,
        null,
        null,
        null,
        null,
        null,
        null,
        null,
        null,
        null,
        null,
        null,
        null,
        null,
        null
      ],
      "/Users/normanrs/turing/4module/projects/my_health_navigator/config/initializers/mime_types.rb": [
        null,
        null,
        null,
        null
      ],
      "/Users/normanrs/turing/4module/projects/my_health_navigator/config/initializers/wrap_parameters.rb": [
        null,
        null,
        null,
        null,
        null,
        null,
        1,
        2,
        null,
        null,
        null,
        null,
        null,
        null
      ],
      "/Users/normanrs/turing/4module/projects/my_health_navigator/config/routes.rb": [
        1,
        null,
        1,
        1,
        null,
        1,
        null,
        null,
        null,
        null
      ],
      "/Users/normanrs/turing/4module/projects/my_health_navigator/spec/support/factory_bot.rb": [
        1,
        1,
        null
      ],
      "/Users/normanrs/turing/4module/projects/my_health_navigator/app/controllers/api/v1/profile_controller.rb": [
        1,
        null,
        1,
        1,
        0,
        null,
        null,
        null
      ],
      "/Users/normanrs/turing/4module/projects/my_health_navigator/app/controllers/application_controller.rb": [
        1,
        null
      ],
      "/Users/normanrs/turing/4module/projects/my_health_navigator/app/models/profile.rb": [
        1,
        1,
        null
      ],
      "/Users/normanrs/turing/4module/projects/my_health_navigator/app/models/application_record.rb": [
        1,
        1,
        null
      ]
    },
    "timestamp": 1550098182
  }
}
